19:50:51 - Estado: Exito - Pago  txf_123121 registrado correctamente
2025-01-31 19:55:08 - Estado: Exito - Pago  tsf_123121 registrado correctamente
2025-01-31 21:19:14 - Estado: Error -  No se pudo registrar el pago: The expected signature was not found in the Stripe-Signature header. Make sure you're using the correct webhook secret (whsec_) and confirm the incoming request came from Stripe.
2025-01-31 21:19:17 - Estado: Error -  No se pudo registrar el pago: The expected signature was not found in the Stripe-Signature header. Make sure you're using the correct webhook secret (whsec_) and confirm the incoming request came from Stripe.
2025-01-31 21:21:50 - Estado: Debug - JSON recibido: {
  "id": "evt_3QnRetR5LbpGprqY1Wp2SvCa",
  "object": "event",
  "api_version": "2025-01-27.acacia",
  "created": 1738358511,
  "data": {
    "object": {
      "id": "ch_3QnRetR5LbpGprqY1jvxIznE",
      "object": "charge",
      "amount": 2000,
      "amount_captured": 2000,
      "amount_refunded": 0,
      "application": null,
      "application_fee": null,
      "application_fee_amount": null,
      "balance_transaction": null,
      "billing_details": {
        "address": {
          "city": null,
          "country": null,
          "line1": null,
          "line2": null,
          "postal_code": null,
          "state": null
        },
        "email": null,
        "name": null,
        "phone": null
      },
      "calculated_statement_descriptor": "Stripe",
      "captured": true,
      "created": 1738358511,
      "currency": "usd",
      "customer": null,
      "description": "(created by Stripe CLI)",
      "destination": null,
      "dispute": null,
      "disputed": false,
      "failure_balance_transaction": null,
      "failure_code": null,
      "failure_message": null,
      "fraud_details": {
      },
      "invoice": null,
      "livemode": false,
      "metadata": {
      },
      "on_behalf_of": null,
      "order": null,
      "outcome": {
        "advice_code": null,
        "network_advice_code": null,
        "network_decline_code": null,
        "network_status": "approved_by_network",
        "reason": null,
        "risk_level": "normal",
        "risk_score": 31,
        "seller_message": "Payment complete.",
        "type": "authorized"
      },
      "paid": true,
      "payment_intent": "pi_3QnRetR5LbpGprqY1dCe6K9b",
      "payment_method": "pm_1QnResR5LbpGprqYf6Wlexb3",
      "payment_method_details": {
        "card": {
          "amount_authorized": 2000,
          "authorization_code": null,
          "brand": "visa",
          "checks": {
            "address_line1_check": null,
            "address_postal_code_check": null,
            "cvc_check": "pass"
          },
          "country": "US",
          "exp_month": 1,
          "exp_year": 2026,
          "extended_authorization": {
            "status": "disabled"
          },
          "fingerprint": "CkDt9S2Av8KytPdN",
          "funding": "credit",
          "incremental_authorization": {
            "status": "unavailable"
          },
          "installments": null,
          "last4": "4242",
          "mandate": null,
          "multicapture": {
            "status": "unavailable"
          },
          "network": "visa",
          "network_token": {
            "used": false
          },
          "network_transaction_id": "671076811657835",
          "overcapture": {
            "maximum_amount_capturable": 2000,
            "status": "unavailable"
          },
          "regulated_status": "unregulated",
          "three_d_secure": null,
          "wallet": null
        },
        "type": "card"
      },
      "radar_options": {
      },
      "receipt_email": null,
      "receipt_number": null,
      "receipt_url": "https://pay.stripe.com/receipts/payment/CAcaFwoVYWNjdF8xUW4yQWZSNUxicEdwcnFZKO_99LwGMgYZAcCwdI46LBaeDcUWMfoBHsw96qj7sPKX4vbgcSRT56H_mX2sS95uL6yDlwpp6aYFFfef",
      "refunded": false,
      "review": null,
      "shipping": {
        "address": {
          "city": "San Francisco",
          "country": "US",
          "line1": "510 Townsend St",
          "line2": null,
          "postal_code": "94103",
          "state": "CA"
        },
        "carrier": null,
        "name": "Jenny Rosen",
        "phone": null,
        "tracking_number": null
      },
      "source": null,
      "source_transfer": null,
      "statement_descriptor": null,
      "statement_descriptor_suffix": null,
      "status": "succeeded",
      "transfer_data": null,
      "transfer_group": null
    }
  },
  "livemode": false,
  "pending_webhooks": 2,
  "request": {
    "id": "req_vEMLuuB9GDF8ip",
    "idempotency_key": "84def288-9fc2-414b-8575-6e9bb2cbd05b"
  },
  "type": "charge.succeeded"
}
2025-01-31 21:21:50 - Estado: Debug - Firma recibida: t=1738358511,v1=1bab6dc3635c56c34a4818a3be050c04377a6f3b842fe43d03508b82731be30b,v0=12b2d97e54792aeaffcf6f49329e9747d18b958d94edeb50f0005e5513d4f8f1
2025-01-31 21:21:50 - Estado: Error -  No se pudo registrar el pago: The expected signature was not found in the Stripe-Signature header. Make sure you're using the correct webhook secret (whsec_) and confirm the incoming request came from Stripe.
2025-01-31 21:21:52 - Estado: Debug - JSON recibido: {
  "id": "evt_3QnRetR5LbpGprqY1SttcnF9",
  "object": "event",
  "api_version": "2025-01-27.acacia",
  "created": 1738358513,
  "data": {
    "object": {
      "id": "ch_3QnRetR5LbpGprqY1jvxIznE",
      "object": "charge",
      "amount": 2000,
      "amount_captured": 2000,
      "amount_refunded": 0,
      "application": null,
      "application_fee": null,
      "application_fee_amount": null,
      "balance_transaction": "txn_3QnRetR5LbpGprqY1qG8iDXN",
      "billing_details": {
        "address": {
          "city": null,
          "country": null,
          "line1": null,
          "line2": null,
          "postal_code": null,
          "state": null
        },
        "email": null,
        "name": null,
        "phone": null
      },
      "calculated_statement_descriptor": "Stripe",
      "captured": true,
      "created": 1738358511,
      "currency": "usd",
      "customer": null,
      "description": "(created by Stripe CLI)",
      "destination": null,
      "dispute": null,
      "disputed": false,
      "failure_balance_transaction": null,
      "failure_code": null,
      "failure_message": null,
      "fraud_details": {
      },
      "invoice": null,
      "livemode": false,
      "metadata": {
      },
      "on_behalf_of": null,
      "order": null,
      "outcome": {
        "advice_code": null,
        "network_advice_code": null,
        "network_decline_code": null,
        "network_status": "approved_by_network",
        "reason": null,
        "risk_level": "normal",
        "risk_score": 31,
        "seller_message": "Payment complete.",
        "type": "authorized"
      },
      "paid": true,
      "payment_intent": "pi_3QnRetR5LbpGprqY1dCe6K9b",
      "payment_method": "pm_1QnResR5LbpGprqYf6Wlexb3",
      "payment_method_details": {
        "card": {
          "amount_authorized": 2000,
          "authorization_code": null,
          "brand": "visa",
          "checks": {
            "address_line1_check": null,
            "address_postal_code_check": null,
            "cvc_check": "pass"
          },
          "country": "US",
          "exp_month": 1,
          "exp_year": 2026,
          "extended_authorization": {
            "status": "disabled"
          },
          "fingerprint": "CkDt9S2Av8KytPdN",
          "funding": "credit",
          "incremental_authorization": {
            "status": "unavailable"
          },
          "installments": null,
          "last4": "4242",
          "mandate": null,
          "multicapture": {
            "status": "unavailable"
          },
          "network": "visa",
          "network_token": {
            "used": false
          },
          "network_transaction_id": "671076811657835",
          "overcapture": {
            "maximum_amount_capturable": 2000,
            "status": "unavailable"
          },
          "regulated_status": "unregulated",
          "three_d_secure": null,
          "wallet": null
        },
        "type": "card"
      },
      "radar_options": {
      },
      "receipt_email": null,
      "receipt_number": null,
      "receipt_url": "https://pay.stripe.com/receipts/payment/CAcaFwoVYWNjdF8xUW4yQWZSNUxicEdwcnFZKPH99LwGMgYT5wSWsOQ6LBYDJGJxCJzx_JvGdDFCmbpB_UN1ZyB-Jtfa3ou7voLYJkde1gHSVfBylFyS",
      "refunded": false,
      "review": null,
      "shipping": {
        "address": {
          "city": "San Francisco",
          "country": "US",
          "line1": "510 Townsend St",
          "line2": null,
          "postal_code": "94103",
          "state": "CA"
        },
        "carrier": null,
        "name": "Jenny Rosen",
        "phone": null,
        "tracking_number": null
      },
      "source": null,
      "source_transfer": null,
      "statement_descriptor": null,
      "statement_descriptor_suffix": null,
      "status": "succeeded",
      "transfer_data": null,
      "transfer_group": null
    },
    "previous_attributes": {
      "balance_transaction": null,
      "receipt_url": "https://pay.stripe.com/receipts/payment/CAcaFwoVYWNjdF8xUW4yQWZSNUxicEdwcnFZKPH99LwGMgZc5E3EDWg6LBZaCLRI_3Z_2mJ2DedEr-gKY9CyDmPZ6gQHNsh1wXN_UZ6W253orzm5aps7"
    }
  },
  "livemode": false,
  "pending_webhooks": 2,
  "request": {
    "id": null,
    "idempotency_key": null
  },
  "type": "charge.updated"
}
2025-01-31 21:21:52 - Estado: Debug - Firma recibida: t=1738358514,v1=73bb681e1980c4cedc1992597ff2a5952cd4fc271bfc27fdab2df5a3dd27207d,v0=40bd8a4691740109e43a4dc5c651371b008a2ff830ceb0dacec9ba01b0a4e72f
2025-01-31 21:21:52 - Estado: Error -  No se pudo registrar el pago: The expected signature was not found in the Stripe-Signature header. Make sure you're using the correct webhook secret (whsec_) and confirm the incoming request came from Stripe.
2025-01-31 21:41:08 - Estado: Exito - Pago pi_3QnRxXR5LbpGprqY2yyjD3bY registrado correctamente
